2017-09-04 18:56:58,904 [Worker-13] INFO  o.e.m.c.i.l.LifecycleMappingFactory - Using org.eclipse.m2e.jdt.JarLifecycleMapping lifecycle mapping for MavenProject: com.BlessimoLindiwe:BlessimoLindiwe:0.0.1-SNAPSHOT @ /home/hltuser/BlessimoNew/BlessimoLindiwe/pom.xml.
2017-09-04 18:57:03,814 [Worker-11] INFO  o.e.m.c.i.l.LifecycleMappingFactory - Using org.eclipse.m2e.jdt.JarLifecycleMapping lifecycle mapping for MavenProject: com.BlessimoLindiwe:BlessimoLindiwe:0.0.1-SNAPSHOT @ /home/hltuser/BlessimoNew/BlessimoLindiwe/pom.xml.
2017-09-04 18:57:06,833 [Worker-11] INFO  o.e.m.c.i.embedder.EclipseLogger - Using 'UTF-8' encoding to copy filtered resources.
2017-09-04 18:57:06,852 [Worker-11] INFO  o.e.m.c.i.embedder.EclipseLogger - Copying 1 resource
2017-09-04 18:57:06,881 [Worker-11] INFO  o.e.m.c.i.embedder.EclipseLogger - Copying 0 resource
2017-09-04 18:57:06,886 [Worker-11] INFO  o.e.m.c.i.embedder.EclipseLogger - Using 'UTF-8' encoding to copy filtered resources.
2017-09-04 18:57:06,886 [Worker-11] INFO  o.e.m.c.i.embedder.EclipseLogger - skip non existing resourceDirectory /home/hltuser/BlessimoNew/BlessimoLindiwe/src/test/resources
2017-09-04 18:57:08,234 [Worker-9] INFO  o.e.m.c.i.l.LifecycleMappingFactory - Using org.eclipse.m2e.jdt.JarLifecycleMapping lifecycle mapping for MavenProject: com.BlessimoLindiwe:BlessimoLindiwe:0.0.1-SNAPSHOT @ /home/hltuser/BlessimoNew/BlessimoLindiwe/pom.xml.
2017-09-04 18:57:11,734 [Worker-13] INFO  o.e.m.c.i.embedder.EclipseLogger - Using 'UTF-8' encoding to copy filtered resources.
2017-09-04 18:57:11,738 [Worker-13] INFO  o.e.m.c.i.embedder.EclipseLogger - Copying 1 resource
2017-09-04 18:57:11,755 [Worker-13] INFO  o.e.m.c.i.embedder.EclipseLogger - Copying 0 resource
2017-09-04 18:57:11,758 [Worker-13] INFO  o.e.m.c.i.embedder.EclipseLogger - Using 'UTF-8' encoding to copy filtered resources.
2017-09-04 18:57:11,759 [Worker-13] INFO  o.e.m.c.i.embedder.EclipseLogger - skip non existing resourceDirectory /home/hltuser/BlessimoNew/BlessimoLindiwe/src/test/resources
2017-09-05 10:16:39,784 [Worker-37] INFO  o.e.m.c.i.embedder.EclipseLogger - Using 'UTF-8' encoding to copy filtered resources.
2017-09-05 10:16:39,827 [Worker-37] INFO  o.e.m.c.i.embedder.EclipseLogger - Copying 1 resource
2017-09-05 10:16:39,858 [Worker-37] INFO  o.e.m.c.i.embedder.EclipseLogger - Copying 0 resource
2017-09-05 10:16:39,862 [Worker-37] INFO  o.e.m.c.i.embedder.EclipseLogger - Using 'UTF-8' encoding to copy filtered resources.
2017-09-05 10:16:39,862 [Worker-37] INFO  o.e.m.c.i.embedder.EclipseLogger - skip non existing resourceDirectory /home/hltuser/BlessimoNew/BlessimoLindiwe/src/test/resources
2017-09-05 10:39:59,142 [Worker-36] INFO  o.e.m.c.i.embedder.EclipseLogger - Using 'UTF-8' encoding to copy filtered resources.
2017-09-05 10:39:59,163 [Worker-36] INFO  o.e.m.c.i.embedder.EclipseLogger - Copying 0 resource
2017-09-05 10:39:59,163 [Worker-36] INFO  o.e.m.c.i.embedder.EclipseLogger - Copying 0 resource
2017-09-05 10:39:59,165 [Worker-36] INFO  o.e.m.c.i.embedder.EclipseLogger - Using 'UTF-8' encoding to copy filtered resources.
2017-09-05 10:39:59,165 [Worker-36] INFO  o.e.m.c.i.embedder.EclipseLogger - skip non existing resourceDirectory /home/hltuser/BlessimoNew/BlessimoLindiwe/src/test/resources
2017-09-05 11:57:18,237 [Worker-59] INFO  o.e.m.c.i.embedder.EclipseLogger - Using 'UTF-8' encoding to copy filtered resources.
2017-09-05 11:57:18,239 [Worker-59] INFO  o.e.m.c.i.embedder.EclipseLogger - Copying 0 resource
2017-09-05 11:57:18,239 [Worker-59] INFO  o.e.m.c.i.embedder.EclipseLogger - Copying 0 resource
2017-09-05 11:57:18,243 [Worker-59] INFO  o.e.m.c.i.embedder.EclipseLogger - Using 'UTF-8' encoding to copy filtered resources.
2017-09-05 11:57:18,243 [Worker-59] INFO  o.e.m.c.i.embedder.EclipseLogger - skip non existing resourceDirectory /home/hltuser/BlessimoNew/BlessimoLindiwe/src/test/resources
2017-09-05 12:42:16,627 [Worker-69] INFO  o.e.m.c.i.embedder.EclipseLogger - Using 'UTF-8' encoding to copy filtered resources.
2017-09-05 12:42:16,628 [Worker-69] INFO  o.e.m.c.i.embedder.EclipseLogger - Copying 0 resource
2017-09-05 12:42:16,628 [Worker-69] INFO  o.e.m.c.i.embedder.EclipseLogger - Copying 0 resource
2017-09-05 12:42:16,630 [Worker-69] INFO  o.e.m.c.i.embedder.EclipseLogger - Using 'UTF-8' encoding to copy filtered resources.
2017-09-05 12:42:16,630 [Worker-69] INFO  o.e.m.c.i.embedder.EclipseLogger - skip non existing resourceDirectory /home/hltuser/BlessimoNew/BlessimoLindiwe/src/test/resources
2017-09-05 12:43:29,494 [Worker-69] INFO  o.e.m.c.i.embedder.EclipseLogger - Using 'UTF-8' encoding to copy filtered resources.
2017-09-05 12:43:29,495 [Worker-69] INFO  o.e.m.c.i.embedder.EclipseLogger - Copying 0 resource
2017-09-05 12:43:29,495 [Worker-69] INFO  o.e.m.c.i.embedder.EclipseLogger - Copying 0 resource
2017-09-05 12:43:29,496 [Worker-69] INFO  o.e.m.c.i.embedder.EclipseLogger - Using 'UTF-8' encoding to copy filtered resources.
2017-09-05 12:43:29,497 [Worker-69] INFO  o.e.m.c.i.embedder.EclipseLogger - skip non existing resourceDirectory /home/hltuser/BlessimoNew/BlessimoLindiwe/src/test/resources
2017-09-05 12:57:26,312 [Worker-65] INFO  o.e.m.c.i.embedder.EclipseLogger - Using 'UTF-8' encoding to copy filtered resources.
2017-09-05 12:57:26,313 [Worker-65] INFO  o.e.m.c.i.embedder.EclipseLogger - Copying 0 resource
2017-09-05 12:57:26,313 [Worker-65] INFO  o.e.m.c.i.embedder.EclipseLogger - Copying 0 resource
2017-09-05 12:57:26,316 [Worker-65] INFO  o.e.m.c.i.embedder.EclipseLogger - Using 'UTF-8' encoding to copy filtered resources.
2017-09-05 12:57:26,316 [Worker-65] INFO  o.e.m.c.i.embedder.EclipseLogger - skip non existing resourceDirectory /home/hltuser/BlessimoNew/BlessimoLindiwe/src/test/resources
2017-09-05 12:59:43,168 [Worker-65] INFO  o.e.m.c.i.embedder.EclipseLogger - Using 'UTF-8' encoding to copy filtered resources.
2017-09-05 12:59:43,168 [Worker-65] INFO  o.e.m.c.i.embedder.EclipseLogger - Copying 0 resource
2017-09-05 12:59:43,169 [Worker-65] INFO  o.e.m.c.i.embedder.EclipseLogger - Copying 0 resource
2017-09-05 12:59:43,172 [Worker-65] INFO  o.e.m.c.i.embedder.EclipseLogger - Using 'UTF-8' encoding to copy filtered resources.
2017-09-05 12:59:43,172 [Worker-65] INFO  o.e.m.c.i.embedder.EclipseLogger - skip non existing resourceDirectory /home/hltuser/BlessimoNew/BlessimoLindiwe/src/test/resources
2017-09-05 14:56:25,987 [Worker-104] INFO  o.e.m.c.i.embedder.EclipseLogger - Using 'UTF-8' encoding to copy filtered resources.
2017-09-05 14:56:26,027 [Worker-104] INFO  o.e.m.c.i.embedder.EclipseLogger - Copying 1 resource
2017-09-05 14:56:26,031 [Worker-104] INFO  o.e.m.c.i.embedder.EclipseLogger - Copying 0 resource
2017-09-05 14:56:26,035 [Worker-104] INFO  o.e.m.c.i.embedder.EclipseLogger - Using 'UTF-8' encoding to copy filtered resources.
2017-09-05 14:56:26,036 [Worker-104] INFO  o.e.m.c.i.embedder.EclipseLogger - skip non existing resourceDirectory /home/hltuser/BlessimoNew/BlessimoLindiwe/src/test/resources
2017-09-05 15:19:03,519 [Worker-113] INFO  o.e.m.c.i.embedder.EclipseLogger - Using 'UTF-8' encoding to copy filtered resources.
2017-09-05 15:19:03,520 [Worker-113] INFO  o.e.m.c.i.embedder.EclipseLogger - Copying 1 resource
2017-09-05 15:19:03,522 [Worker-113] INFO  o.e.m.c.i.embedder.EclipseLogger - Copying 0 resource
2017-09-05 15:19:03,524 [Worker-113] INFO  o.e.m.c.i.embedder.EclipseLogger - Using 'UTF-8' encoding to copy filtered resources.
2017-09-05 15:19:03,524 [Worker-113] INFO  o.e.m.c.i.embedder.EclipseLogger - skip non existing resourceDirectory /home/hltuser/BlessimoNew/BlessimoLindiwe/src/test/resources
2017-09-05 15:21:21,013 [Worker-112] INFO  o.e.m.c.i.embedder.EclipseLogger - Using 'UTF-8' encoding to copy filtered resources.
2017-09-05 15:21:21,014 [Worker-112] INFO  o.e.m.c.i.embedder.EclipseLogger - Copying 1 resource
2017-09-05 15:21:21,015 [Worker-112] INFO  o.e.m.c.i.embedder.EclipseLogger - Copying 0 resource
2017-09-05 15:21:21,018 [Worker-112] INFO  o.e.m.c.i.embedder.EclipseLogger - Using 'UTF-8' encoding to copy filtered resources.
2017-09-05 15:21:21,018 [Worker-112] INFO  o.e.m.c.i.embedder.EclipseLogger - skip non existing resourceDirectory /home/hltuser/BlessimoNew/BlessimoLindiwe/src/test/resources
2017-09-05 15:36:00,307 [Worker-116] INFO  o.e.m.c.i.embedder.EclipseLogger - Using 'UTF-8' encoding to copy filtered resources.
2017-09-05 15:36:00,329 [Worker-116] INFO  o.e.m.c.i.embedder.EclipseLogger - Copying 1 resource
2017-09-05 15:36:00,333 [Worker-116] INFO  o.e.m.c.i.embedder.EclipseLogger - Copying 0 resource
2017-09-05 15:36:00,337 [Worker-116] INFO  o.e.m.c.i.embedder.EclipseLogger - Using 'UTF-8' encoding to copy filtered resources.
2017-09-05 15:36:00,343 [Worker-116] INFO  o.e.m.c.i.embedder.EclipseLogger - skip non existing resourceDirectory /home/hltuser/BlessimoNew/BlessimoLindiwe/src/test/resources
2017-09-05 15:36:15,048 [Worker-120] INFO  o.e.m.c.i.embedder.EclipseLogger - Using 'UTF-8' encoding to copy filtered resources.
2017-09-05 15:36:15,049 [Worker-120] INFO  o.e.m.c.i.embedder.EclipseLogger - Copying 1 resource
2017-09-05 15:36:15,050 [Worker-120] INFO  o.e.m.c.i.embedder.EclipseLogger - Copying 0 resource
2017-09-05 15:36:15,062 [Worker-120] INFO  o.e.m.c.i.embedder.EclipseLogger - Using 'UTF-8' encoding to copy filtered resources.
2017-09-05 15:36:15,062 [Worker-120] INFO  o.e.m.c.i.embedder.EclipseLogger - skip non existing resourceDirectory /home/hltuser/BlessimoNew/BlessimoLindiwe/src/test/resources
2017-09-05 15:36:47,071 [Worker-113] INFO  o.e.m.c.i.embedder.EclipseLogger - Using 'UTF-8' encoding to copy filtered resources.
2017-09-05 15:36:47,071 [Worker-113] INFO  o.e.m.c.i.embedder.EclipseLogger - Copying 1 resource
2017-09-05 15:36:47,084 [Worker-113] INFO  o.e.m.c.i.embedder.EclipseLogger - Copying 0 resource
2017-09-05 15:36:47,091 [Worker-113] INFO  o.e.m.c.i.embedder.EclipseLogger - Using 'UTF-8' encoding to copy filtered resources.
2017-09-05 15:36:47,092 [Worker-113] INFO  o.e.m.c.i.embedder.EclipseLogger - skip non existing resourceDirectory /home/hltuser/BlessimoNew/BlessimoLindiwe/src/test/resources
2017-09-05 15:41:47,459 [Worker-113] INFO  o.e.m.c.i.l.LifecycleMappingFactory - Using org.eclipse.m2e.jdt.JarLifecycleMapping lifecycle mapping for MavenProject: com.BlessimoLindiwe:BlessimoLindiwe:0.0.1-SNAPSHOT @ /home/hltuser/BlessimoNew/BlessimoLindiwe/pom.xml.
2017-09-05 15:41:48,520 [Worker-113] INFO  o.e.m.c.i.e.AbstractTransferListenerAdapter - Downloading https://repo.spring.io/libs-release/org/springframework/spring-core/4.3.7.RELEASE/spring-core-4.3.7.RELEASE.pom
2017-09-05 15:41:48,832 [Worker-113] INFO  o.e.m.c.i.e.AbstractTransferListenerAdapter - Downloaded https://repo.spring.io/libs-release/org/springframework/spring-core/4.3.7.RELEASE/spring-core-4.3.7.RELEASE.pom
2017-09-05 15:41:51,167 [Worker-113] INFO  o.e.m.c.i.e.AbstractTransferListenerAdapter - Downloading https://repo.spring.io/libs-release/org/springframework/spring-core/4.3.7.RELEASE/spring-core-4.3.7.RELEASE.jar
2017-09-05 15:41:52,964 [Worker-113] INFO  o.e.m.c.i.e.AbstractTransferListenerAdapter - Downloaded https://repo.spring.io/libs-release/org/springframework/spring-core/4.3.7.RELEASE/spring-core-4.3.7.RELEASE.jar
2017-09-05 15:41:54,911 [Worker-113] INFO  o.e.m.c.i.embedder.EclipseLogger - Using 'UTF-8' encoding to copy filtered resources.
2017-09-05 15:41:54,942 [Worker-113] INFO  o.e.m.c.i.embedder.EclipseLogger - Copying 0 resource
2017-09-05 15:41:54,943 [Worker-113] INFO  o.e.m.c.i.embedder.EclipseLogger - Copying 0 resource
2017-09-05 15:41:54,950 [Worker-113] INFO  o.e.m.c.i.embedder.EclipseLogger - Using 'UTF-8' encoding to copy filtered resources.
2017-09-05 15:41:54,950 [Worker-113] INFO  o.e.m.c.i.embedder.EclipseLogger - skip non existing resourceDirectory /home/hltuser/BlessimoNew/BlessimoLindiwe/src/test/resources
2017-09-05 15:41:59,571 [Worker-125] INFO  o.e.m.c.i.embedder.EclipseLogger - Using 'UTF-8' encoding to copy filtered resources.
2017-09-05 15:41:59,572 [Worker-125] INFO  o.e.m.c.i.embedder.EclipseLogger - Copying 1 resource
2017-09-05 15:41:59,616 [Worker-125] INFO  o.e.m.c.i.embedder.EclipseLogger - Copying 0 resource
2017-09-05 15:41:59,620 [Worker-125] INFO  o.e.m.c.i.embedder.EclipseLogger - Using 'UTF-8' encoding to copy filtered resources.
2017-09-05 15:41:59,621 [Worker-125] INFO  o.e.m.c.i.embedder.EclipseLogger - skip non existing resourceDirectory /home/hltuser/BlessimoNew/BlessimoLindiwe/src/test/resources
2017-09-05 15:49:02,378 [Worker-129] INFO  o.e.m.c.i.embedder.EclipseLogger - Using 'UTF-8' encoding to copy filtered resources.
2017-09-05 15:49:02,378 [Worker-129] INFO  o.e.m.c.i.embedder.EclipseLogger - Copying 1 resource
2017-09-05 15:49:02,381 [Worker-129] INFO  o.e.m.c.i.embedder.EclipseLogger - Copying 0 resource
2017-09-05 15:49:02,383 [Worker-129] INFO  o.e.m.c.i.embedder.EclipseLogger - Using 'UTF-8' encoding to copy filtered resources.
2017-09-05 15:49:02,383 [Worker-129] INFO  o.e.m.c.i.embedder.EclipseLogger - skip non existing resourceDirectory /home/hltuser/BlessimoNew/BlessimoLindiwe/src/test/resources
2017-09-05 16:27:56,914 [Worker-148] INFO  o.e.m.c.i.embedder.EclipseLogger - Using 'UTF-8' encoding to copy filtered resources.
2017-09-05 16:27:58,526 [Worker-148] INFO  o.e.m.c.i.embedder.EclipseLogger - Copying 1 resource
2017-09-05 16:27:59,356 [Worker-148] INFO  o.e.m.c.i.embedder.EclipseLogger - Copying 0 resource
2017-09-05 16:27:59,387 [Worker-148] INFO  o.e.m.c.i.embedder.EclipseLogger - Using 'UTF-8' encoding to copy filtered resources.
2017-09-05 16:27:59,441 [Worker-148] INFO  o.e.m.c.i.embedder.EclipseLogger - skip non existing resourceDirectory /home/hltuser/BlessimoNew/BlessimoLindiwe/src/test/resources
2017-09-05 16:29:00,166 [Worker-147] INFO  o.e.m.c.i.embedder.EclipseLogger - Using 'UTF-8' encoding to copy filtered resources.
2017-09-05 16:29:00,182 [Worker-147] INFO  o.e.m.c.i.embedder.EclipseLogger - Copying 1 resource
2017-09-05 16:29:00,187 [Worker-147] INFO  o.e.m.c.i.embedder.EclipseLogger - Copying 0 resource
2017-09-05 16:29:00,189 [Worker-147] INFO  o.e.m.c.i.embedder.EclipseLogger - Using 'UTF-8' encoding to copy filtered resources.
2017-09-05 16:29:00,189 [Worker-147] INFO  o.e.m.c.i.embedder.EclipseLogger - skip non existing resourceDirectory /home/hltuser/BlessimoNew/BlessimoLindiwe/src/test/resources
2017-09-05 16:44:34,563 [Worker-150] INFO  o.e.m.c.i.embedder.EclipseLogger - Using 'UTF-8' encoding to copy filtered resources.
2017-09-05 16:44:35,069 [Worker-150] INFO  o.e.m.c.i.embedder.EclipseLogger - Copying 1 resource
2017-09-05 16:44:35,273 [Worker-150] INFO  o.e.m.c.i.embedder.EclipseLogger - Copying 0 resource
2017-09-05 16:44:35,275 [Worker-150] INFO  o.e.m.c.i.embedder.EclipseLogger - Using 'UTF-8' encoding to copy filtered resources.
2017-09-05 16:44:35,275 [Worker-150] INFO  o.e.m.c.i.embedder.EclipseLogger - skip non existing resourceDirectory /home/hltuser/BlessimoNew/BlessimoLindiwe/src/test/resources
2017-09-05 18:18:19,253 [Worker-10] INFO  o.e.m.c.i.l.LifecycleMappingFactory - Using org.eclipse.m2e.jdt.JarLifecycleMapping lifecycle mapping for MavenProject: com.BlessimoLindiwe:BlessimoLindiwe:0.0.1-SNAPSHOT @ /home/hltuser/BlessimoNew/BlessimoLindiwe/pom.xml.
2017-09-05 18:18:21,993 [Worker-10] INFO  o.e.m.c.i.embedder.EclipseLogger - Using 'UTF-8' encoding to copy filtered resources.
2017-09-05 18:18:21,999 [Worker-10] INFO  o.e.m.c.i.embedder.EclipseLogger - Copying 1 resource
2017-09-05 18:18:22,021 [Worker-10] INFO  o.e.m.c.i.embedder.EclipseLogger - Copying 0 resource
2017-09-05 18:18:22,024 [Worker-10] INFO  o.e.m.c.i.embedder.EclipseLogger - Using 'UTF-8' encoding to copy filtered resources.
2017-09-05 18:18:22,024 [Worker-10] INFO  o.e.m.c.i.embedder.EclipseLogger - skip non existing resourceDirectory /home/hltuser/BlessimoNew/BlessimoLindiwe/src/test/resources
2017-09-05 18:52:51,288 [Worker-29] INFO  o.e.m.c.i.embedder.EclipseLogger - Using 'UTF-8' encoding to copy filtered resources.
2017-09-05 18:52:51,301 [Worker-29] INFO  o.e.m.c.i.embedder.EclipseLogger - Copying 1 resource
2017-09-05 18:52:51,303 [Worker-29] INFO  o.e.m.c.i.embedder.EclipseLogger - Copying 0 resource
2017-09-05 18:52:51,307 [Worker-29] INFO  o.e.m.c.i.embedder.EclipseLogger - Using 'UTF-8' encoding to copy filtered resources.
2017-09-05 18:52:51,307 [Worker-29] INFO  o.e.m.c.i.embedder.EclipseLogger - skip non existing resourceDirectory /home/hltuser/BlessimoNew/BlessimoLindiwe/src/test/resources
2017-09-05 18:55:18,110 [Worker-31] INFO  o.e.m.c.i.embedder.EclipseLogger - Using 'UTF-8' encoding to copy filtered resources.
2017-09-05 18:55:18,111 [Worker-31] INFO  o.e.m.c.i.embedder.EclipseLogger - Copying 1 resource
2017-09-05 18:55:18,112 [Worker-31] INFO  o.e.m.c.i.embedder.EclipseLogger - Copying 0 resource
2017-09-05 18:55:18,115 [Worker-31] INFO  o.e.m.c.i.embedder.EclipseLogger - Using 'UTF-8' encoding to copy filtered resources.
2017-09-05 18:55:18,115 [Worker-31] INFO  o.e.m.c.i.embedder.EclipseLogger - skip non existing resourceDirectory /home/hltuser/BlessimoNew/BlessimoLindiwe/src/test/resources
2017-09-05 19:06:30,526 [Worker-35] INFO  o.e.m.c.i.embedder.EclipseLogger - Using 'UTF-8' encoding to copy filtered resources.
2017-09-05 19:06:30,528 [Worker-35] INFO  o.e.m.c.i.embedder.EclipseLogger - Copying 1 resource
2017-09-05 19:06:30,530 [Worker-35] INFO  o.e.m.c.i.embedder.EclipseLogger - Copying 0 resource
2017-09-05 19:06:30,532 [Worker-35] INFO  o.e.m.c.i.embedder.EclipseLogger - Using 'UTF-8' encoding to copy filtered resources.
2017-09-05 19:06:30,533 [Worker-35] INFO  o.e.m.c.i.embedder.EclipseLogger - skip non existing resourceDirectory /home/hltuser/BlessimoNew/BlessimoLindiwe/src/test/resources
2017-09-05 19:07:40,665 [Worker-37] INFO  o.e.m.c.i.embedder.EclipseLogger - Using 'UTF-8' encoding to copy filtered resources.
2017-09-05 19:07:40,665 [Worker-37] INFO  o.e.m.c.i.embedder.EclipseLogger - Copying 1 resource
2017-09-05 19:07:40,666 [Worker-37] INFO  o.e.m.c.i.embedder.EclipseLogger - Copying 0 resource
2017-09-05 19:07:40,668 [Worker-37] INFO  o.e.m.c.i.embedder.EclipseLogger - Using 'UTF-8' encoding to copy filtered resources.
2017-09-05 19:07:40,668 [Worker-37] INFO  o.e.m.c.i.embedder.EclipseLogger - skip non existing resourceDirectory /home/hltuser/BlessimoNew/BlessimoLindiwe/src/test/resources
2017-09-05 19:09:02,671 [Worker-38] INFO  o.e.m.c.i.embedder.EclipseLogger - Using 'UTF-8' encoding to copy filtered resources.
2017-09-05 19:09:02,672 [Worker-38] INFO  o.e.m.c.i.embedder.EclipseLogger - Copying 1 resource
2017-09-05 19:09:02,672 [Worker-38] INFO  o.e.m.c.i.embedder.EclipseLogger - Copying 0 resource
2017-09-05 19:09:02,677 [Worker-38] INFO  o.e.m.c.i.embedder.EclipseLogger - Using 'UTF-8' encoding to copy filtered resources.
2017-09-05 19:09:02,677 [Worker-38] INFO  o.e.m.c.i.embedder.EclipseLogger - skip non existing resourceDirectory /home/hltuser/BlessimoNew/BlessimoLindiwe/src/test/resources
2017-09-05 19:11:45,589 [Worker-35] INFO  o.e.m.c.i.embedder.EclipseLogger - Using 'UTF-8' encoding to copy filtered resources.
2017-09-05 19:11:45,601 [Worker-35] INFO  o.e.m.c.i.embedder.EclipseLogger - Copying 1 resource
2017-09-05 19:11:45,604 [Worker-35] INFO  o.e.m.c.i.embedder.EclipseLogger - Copying 0 resource
2017-09-05 19:11:45,612 [Worker-35] INFO  o.e.m.c.i.embedder.EclipseLogger - Using 'UTF-8' encoding to copy filtered resources.
2017-09-05 19:11:45,612 [Worker-35] INFO  o.e.m.c.i.embedder.EclipseLogger - skip non existing resourceDirectory /home/hltuser/BlessimoNew/BlessimoLindiwe/src/test/resources
2017-09-05 19:12:38,292 [Worker-36] INFO  o.e.m.c.i.embedder.EclipseLogger - Using 'UTF-8' encoding to copy filtered resources.
2017-09-05 19:12:38,294 [Worker-36] INFO  o.e.m.c.i.embedder.EclipseLogger - Copying 1 resource
2017-09-05 19:12:38,297 [Worker-36] INFO  o.e.m.c.i.embedder.EclipseLogger - Copying 0 resource
2017-09-05 19:12:38,303 [Worker-36] INFO  o.e.m.c.i.embedder.EclipseLogger - Using 'UTF-8' encoding to copy filtered resources.
2017-09-05 19:12:38,303 [Worker-36] INFO  o.e.m.c.i.embedder.EclipseLogger - skip non existing resourceDirectory /home/hltuser/BlessimoNew/BlessimoLindiwe/src/test/resources
2017-09-05 19:13:18,923 [Worker-38] INFO  o.e.m.c.i.embedder.EclipseLogger - Using 'UTF-8' encoding to copy filtered resources.
2017-09-05 19:13:18,923 [Worker-38] INFO  o.e.m.c.i.embedder.EclipseLogger - Copying 1 resource
2017-09-05 19:13:18,924 [Worker-38] INFO  o.e.m.c.i.embedder.EclipseLogger - Copying 0 resource
2017-09-05 19:13:18,928 [Worker-38] INFO  o.e.m.c.i.embedder.EclipseLogger - Using 'UTF-8' encoding to copy filtered resources.
2017-09-05 19:13:18,929 [Worker-38] INFO  o.e.m.c.i.embedder.EclipseLogger - skip non existing resourceDirectory /home/hltuser/BlessimoNew/BlessimoLindiwe/src/test/resources
2017-09-05 19:16:58,756 [Worker-31] INFO  o.e.m.i.launch.MavenLaunchDelegate - /home/hltuser/BlessimoNew/BlessimoLindiwe
2017-09-05 19:16:58,757 [Worker-31] INFO  o.e.m.i.launch.MavenLaunchDelegate -  mvn -Ppom.xml -B clean
2017-09-05 19:17:08,866 [Worker-41] INFO  o.e.m.c.i.embedder.EclipseLogger - Using 'UTF-8' encoding to copy filtered resources.
2017-09-05 19:17:08,867 [Worker-41] INFO  o.e.m.c.i.embedder.EclipseLogger - Copying 1 resource
2017-09-05 19:17:08,868 [Worker-41] INFO  o.e.m.c.i.embedder.EclipseLogger - Copying 0 resource
2017-09-05 19:17:08,870 [Worker-41] INFO  o.e.m.c.i.embedder.EclipseLogger - Using 'UTF-8' encoding to copy filtered resources.
2017-09-05 19:17:08,870 [Worker-41] INFO  o.e.m.c.i.embedder.EclipseLogger - skip non existing resourceDirectory /home/hltuser/BlessimoNew/BlessimoLindiwe/src/test/resources
2017-09-05 19:21:26,782 [Worker-6] INFO  o.e.m.c.i.embedder.EclipseLogger - Using 'UTF-8' encoding to copy filtered resources.
2017-09-05 19:21:26,783 [Worker-6] INFO  o.e.m.c.i.embedder.EclipseLogger - Copying 0 resource
2017-09-05 19:21:26,783 [Worker-6] INFO  o.e.m.c.i.embedder.EclipseLogger - Copying 0 resource
2017-09-05 19:21:26,785 [Worker-6] INFO  o.e.m.c.i.embedder.EclipseLogger - Using 'UTF-8' encoding to copy filtered resources.
2017-09-05 19:21:26,785 [Worker-6] INFO  o.e.m.c.i.embedder.EclipseLogger - skip non existing resourceDirectory /home/hltuser/BlessimoNew/BlessimoLindiwe/src/test/resources
2017-09-05 19:21:29,561 [Worker-43] INFO  o.e.m.c.i.embedder.EclipseLogger - Using 'UTF-8' encoding to copy filtered resources.
2017-09-05 19:21:29,562 [Worker-43] INFO  o.e.m.c.i.embedder.EclipseLogger - Copying 1 resource
2017-09-05 19:21:29,562 [Worker-43] INFO  o.e.m.c.i.embedder.EclipseLogger - Copying 0 resource
2017-09-05 19:21:29,565 [Worker-43] INFO  o.e.m.c.i.embedder.EclipseLogger - Using 'UTF-8' encoding to copy filtered resources.
2017-09-05 19:21:29,565 [Worker-43] INFO  o.e.m.c.i.embedder.EclipseLogger - skip non existing resourceDirectory /home/hltuser/BlessimoNew/BlessimoLindiwe/src/test/resources
2017-09-05 19:21:50,739 [Worker-6] INFO  o.e.m.c.i.embedder.EclipseLogger - Using 'UTF-8' encoding to copy filtered resources.
2017-09-05 19:21:50,740 [Worker-6] INFO  o.e.m.c.i.embedder.EclipseLogger - Copying 1 resource
2017-09-05 19:21:50,740 [Worker-6] INFO  o.e.m.c.i.embedder.EclipseLogger - Copying 0 resource
2017-09-05 19:21:50,743 [Worker-6] INFO  o.e.m.c.i.embedder.EclipseLogger - Using 'UTF-8' encoding to copy filtered resources.
2017-09-05 19:21:50,743 [Worker-6] INFO  o.e.m.c.i.embedder.EclipseLogger - skip non existing resourceDirectory /home/hltuser/BlessimoNew/BlessimoLindiwe/src/test/resources
2017-09-05 19:23:22,063 [Worker-36] INFO  o.e.m.c.i.embedder.EclipseLogger - Using 'UTF-8' encoding to copy filtered resources.
2017-09-05 19:23:22,064 [Worker-36] INFO  o.e.m.c.i.embedder.EclipseLogger - Copying 1 resource
2017-09-05 19:23:22,065 [Worker-36] INFO  o.e.m.c.i.embedder.EclipseLogger - Copying 0 resource
2017-09-05 19:23:22,067 [Worker-36] INFO  o.e.m.c.i.embedder.EclipseLogger - Using 'UTF-8' encoding to copy filtered resources.
2017-09-05 19:23:22,068 [Worker-36] INFO  o.e.m.c.i.embedder.EclipseLogger - skip non existing resourceDirectory /home/hltuser/BlessimoNew/BlessimoLindiwe/src/test/resources
2017-09-05 19:23:38,688 [Worker-42] INFO  o.e.m.c.i.embedder.EclipseLogger - Using 'UTF-8' encoding to copy filtered resources.
2017-09-05 19:23:38,688 [Worker-42] INFO  o.e.m.c.i.embedder.EclipseLogger - Copying 1 resource
2017-09-05 19:23:38,692 [Worker-42] INFO  o.e.m.c.i.embedder.EclipseLogger - Copying 0 resource
2017-09-05 19:23:38,695 [Worker-42] INFO  o.e.m.c.i.embedder.EclipseLogger - Using 'UTF-8' encoding to copy filtered resources.
2017-09-05 19:23:38,695 [Worker-42] INFO  o.e.m.c.i.embedder.EclipseLogger - skip non existing resourceDirectory /home/hltuser/BlessimoNew/BlessimoLindiwe/src/test/resources
2017-09-05 19:29:19,928 [Worker-47] INFO  o.e.m.c.i.embedder.EclipseLogger - Using 'UTF-8' encoding to copy filtered resources.
2017-09-05 19:29:19,929 [Worker-47] INFO  o.e.m.c.i.embedder.EclipseLogger - Copying 1 resource
2017-09-05 19:29:19,929 [Worker-47] INFO  o.e.m.c.i.embedder.EclipseLogger - Copying 0 resource
2017-09-05 19:29:19,934 [Worker-47] INFO  o.e.m.c.i.embedder.EclipseLogger - Using 'UTF-8' encoding to copy filtered resources.
2017-09-05 19:29:19,934 [Worker-47] INFO  o.e.m.c.i.embedder.EclipseLogger - skip non existing resourceDirectory /home/hltuser/BlessimoNew/BlessimoLindiwe/src/test/resources
2017-09-05 19:29:46,236 [Worker-45] INFO  o.e.m.c.i.l.LifecycleMappingFactory - Using org.eclipse.m2e.jdt.JarLifecycleMapping lifecycle mapping for MavenProject: com.BlessimoLindiwe:BlessimoLindiwe:0.0.1-SNAPSHOT @ /home/hltuser/BlessimoNew/BlessimoLindiwe/pom.xml.
2017-09-05 19:29:47,444 [Worker-45] INFO  o.e.m.c.i.e.AbstractTransferListenerAdapter - Downloaded https://repo.spring.io/libs-release/org/springframework/boot/spring-boot-starter-thymeleaf/1.5.6.RELEASE/spring-boot-starter-thymeleaf-1.5.6.RELEASE.pom
2017-09-05 19:29:47,448 [Worker-45] INFO  o.e.m.c.i.e.AbstractTransferListenerAdapter - Downloaded https://repo.maven.apache.org/maven2/org/springframework/boot/spring-boot-starter-thymeleaf/1.5.6.RELEASE/spring-boot-starter-thymeleaf-1.5.6.RELEASE.pom
2017-09-05 19:29:48,043 [Worker-45] INFO  o.e.m.c.i.embedder.EclipseLogger - Using 'UTF-8' encoding to copy filtered resources.
2017-09-05 19:29:48,045 [Worker-45] INFO  o.e.m.c.i.embedder.EclipseLogger - Copying 0 resource
2017-09-05 19:29:48,046 [Worker-45] INFO  o.e.m.c.i.embedder.EclipseLogger - Copying 0 resource
2017-09-05 19:29:48,048 [Worker-45] INFO  o.e.m.c.i.embedder.EclipseLogger - Using 'UTF-8' encoding to copy filtered resources.
2017-09-05 19:29:48,048 [Worker-45] INFO  o.e.m.c.i.embedder.EclipseLogger - skip non existing resourceDirectory /home/hltuser/BlessimoNew/BlessimoLindiwe/src/test/resources
2017-09-05 19:29:49,967 [Worker-44] INFO  o.e.m.c.i.embedder.EclipseLogger - Using 'UTF-8' encoding to copy filtered resources.
2017-09-05 19:29:49,968 [Worker-44] INFO  o.e.m.c.i.embedder.EclipseLogger - Copying 0 resource
2017-09-05 19:29:49,968 [Worker-44] INFO  o.e.m.c.i.embedder.EclipseLogger - Copying 0 resource
2017-09-05 19:29:49,970 [Worker-44] INFO  o.e.m.c.i.embedder.EclipseLogger - Using 'UTF-8' encoding to copy filtered resources.
2017-09-05 19:29:49,970 [Worker-44] INFO  o.e.m.c.i.embedder.EclipseLogger - skip non existing resourceDirectory /home/hltuser/BlessimoNew/BlessimoLindiwe/src/test/resources
2017-09-05 19:32:52,540 [Worker-45] INFO  o.e.m.c.i.l.LifecycleMappingFactory - Using org.eclipse.m2e.jdt.JarLifecycleMapping lifecycle mapping for MavenProject: com.BlessimoLindiwe:BlessimoLindiwe:0.0.1-SNAPSHOT @ /home/hltuser/BlessimoNew/BlessimoLindiwe/pom.xml.
2017-09-05 19:32:52,850 [Worker-45] INFO  o.e.m.c.i.embedder.EclipseLogger - Using 'UTF-8' encoding to copy filtered resources.
2017-09-05 19:32:52,851 [Worker-45] INFO  o.e.m.c.i.embedder.EclipseLogger - Copying 0 resource
2017-09-05 19:32:52,851 [Worker-45] INFO  o.e.m.c.i.embedder.EclipseLogger - Copying 0 resource
2017-09-05 19:32:52,858 [Worker-45] INFO  o.e.m.c.i.embedder.EclipseLogger - Using 'UTF-8' encoding to copy filtered resources.
2017-09-05 19:32:52,858 [Worker-45] INFO  o.e.m.c.i.embedder.EclipseLogger - skip non existing resourceDirectory /home/hltuser/BlessimoNew/BlessimoLindiwe/src/test/resources
2017-09-05 19:32:55,367 [Worker-47] INFO  o.e.m.c.i.embedder.EclipseLogger - Using 'UTF-8' encoding to copy filtered resources.
2017-09-05 19:32:55,368 [Worker-47] INFO  o.e.m.c.i.embedder.EclipseLogger - Copying 1 resource
2017-09-05 19:32:55,420 [Worker-47] INFO  o.e.m.c.i.embedder.EclipseLogger - Copying 0 resource
2017-09-05 19:32:55,421 [Worker-47] INFO  o.e.m.c.i.embedder.EclipseLogger - Using 'UTF-8' encoding to copy filtered resources.
2017-09-05 19:32:55,422 [Worker-47] INFO  o.e.m.c.i.embedder.EclipseLogger - skip non existing resourceDirectory /home/hltuser/BlessimoNew/BlessimoLindiwe/src/test/resources
2017-09-05 19:33:05,413 [Worker-47] INFO  o.e.m.c.i.l.LifecycleMappingFactory - Using org.eclipse.m2e.jdt.JarLifecycleMapping lifecycle mapping for MavenProject: com.BlessimoLindiwe:BlessimoLindiwe:0.0.1-SNAPSHOT @ /home/hltuser/BlessimoNew/BlessimoLindiwe/pom.xml.
2017-09-05 19:33:05,655 [Worker-47] INFO  o.e.m.c.i.embedder.EclipseLogger - Using 'UTF-8' encoding to copy filtered resources.
2017-09-05 19:33:05,656 [Worker-47] INFO  o.e.m.c.i.embedder.EclipseLogger - Copying 0 resource
2017-09-05 19:33:05,657 [Worker-47] INFO  o.e.m.c.i.embedder.EclipseLogger - Copying 0 resource
2017-09-05 19:33:05,659 [Worker-47] INFO  o.e.m.c.i.embedder.EclipseLogger - Using 'UTF-8' encoding to copy filtered resources.
2017-09-05 19:33:05,659 [Worker-47] INFO  o.e.m.c.i.embedder.EclipseLogger - skip non existing resourceDirectory /home/hltuser/BlessimoNew/BlessimoLindiwe/src/test/resources
2017-09-05 19:33:07,269 [Worker-42] INFO  o.e.m.c.i.embedder.EclipseLogger - Using 'UTF-8' encoding to copy filtered resources.
2017-09-05 19:33:07,269 [Worker-42] INFO  o.e.m.c.i.embedder.EclipseLogger - Copying 0 resource
2017-09-05 19:33:07,269 [Worker-42] INFO  o.e.m.c.i.embedder.EclipseLogger - Copying 0 resource
2017-09-05 19:33:07,270 [Worker-42] INFO  o.e.m.c.i.embedder.EclipseLogger - Using 'UTF-8' encoding to copy filtered resources.
2017-09-05 19:33:07,271 [Worker-42] INFO  o.e.m.c.i.embedder.EclipseLogger - skip non existing resourceDirectory /home/hltuser/BlessimoNew/BlessimoLindiwe/src/test/resources
2017-09-05 19:33:25,998 [Worker-47] INFO  o.e.m.c.i.l.LifecycleMappingFactory - Using org.eclipse.m2e.jdt.JarLifecycleMapping lifecycle mapping for MavenProject: com.BlessimoLindiwe:BlessimoLindiwe:0.0.1-SNAPSHOT @ /home/hltuser/BlessimoNew/BlessimoLindiwe/pom.xml.
2017-09-05 19:33:26,244 [Worker-47] INFO  o.e.m.c.i.embedder.EclipseLogger - Using 'UTF-8' encoding to copy filtered resources.
2017-09-05 19:33:26,245 [Worker-47] INFO  o.e.m.c.i.embedder.EclipseLogger - Copying 0 resource
2017-09-05 19:33:26,245 [Worker-47] INFO  o.e.m.c.i.embedder.EclipseLogger - Copying 0 resource
2017-09-05 19:33:26,247 [Worker-47] INFO  o.e.m.c.i.embedder.EclipseLogger - Using 'UTF-8' encoding to copy filtered resources.
2017-09-05 19:33:26,247 [Worker-47] INFO  o.e.m.c.i.embedder.EclipseLogger - skip non existing resourceDirectory /home/hltuser/BlessimoNew/BlessimoLindiwe/src/test/resources
2017-09-05 19:33:28,412 [Worker-45] INFO  o.e.m.c.i.embedder.EclipseLogger - Using 'UTF-8' encoding to copy filtered resources.
2017-09-05 19:33:28,413 [Worker-45] INFO  o.e.m.c.i.embedder.EclipseLogger - Copying 1 resource
2017-09-05 19:33:28,430 [Worker-45] INFO  o.e.m.c.i.embedder.EclipseLogger - Copying 0 resource
2017-09-05 19:33:28,432 [Worker-45] INFO  o.e.m.c.i.embedder.EclipseLogger - Using 'UTF-8' encoding to copy filtered resources.
2017-09-05 19:33:28,433 [Worker-45] INFO  o.e.m.c.i.embedder.EclipseLogger - skip non existing resourceDirectory /home/hltuser/BlessimoNew/BlessimoLindiwe/src/test/resources
2017-09-05 19:33:34,315 [Worker-48] INFO  o.e.m.c.i.embedder.EclipseLogger - Using 'UTF-8' encoding to copy filtered resources.
2017-09-05 19:33:34,315 [Worker-48] INFO  o.e.m.c.i.embedder.EclipseLogger - Copying 1 resource
2017-09-05 19:33:34,316 [Worker-48] INFO  o.e.m.c.i.embedder.EclipseLogger - Copying 0 resource
2017-09-05 19:33:34,318 [Worker-48] INFO  o.e.m.c.i.embedder.EclipseLogger - Using 'UTF-8' encoding to copy filtered resources.
2017-09-05 19:33:34,319 [Worker-48] INFO  o.e.m.c.i.embedder.EclipseLogger - skip non existing resourceDirectory /home/hltuser/BlessimoNew/BlessimoLindiwe/src/test/resources
2017-09-06 09:18:00,311 [Worker-21] INFO  o.e.m.c.i.embedder.EclipseLogger - Using 'UTF-8' encoding to copy filtered resources.
2017-09-06 09:18:00,370 [Worker-21] INFO  o.e.m.c.i.embedder.EclipseLogger - Copying 1 resource
2017-09-06 09:18:00,420 [Worker-21] INFO  o.e.m.c.i.embedder.EclipseLogger - Copying 0 resource
2017-09-06 09:18:00,426 [Worker-21] INFO  o.e.m.c.i.embedder.EclipseLogger - Using 'UTF-8' encoding to copy filtered resources.
2017-09-06 09:18:00,427 [Worker-21] INFO  o.e.m.c.i.embedder.EclipseLogger - skip non existing resourceDirectory /home/hltuser/BlessimoNew/BlessimoLindiwe/src/test/resources
2017-09-06 09:22:13,116 [Worker-24] INFO  o.e.m.c.i.embedder.EclipseLogger - Using 'UTF-8' encoding to copy filtered resources.
2017-09-06 09:22:13,164 [Worker-24] INFO  o.e.m.c.i.embedder.EclipseLogger - Copying 1 resource
2017-09-06 09:22:13,182 [Worker-24] INFO  o.e.m.c.i.embedder.EclipseLogger - Copying 0 resource
2017-09-06 09:22:13,186 [Worker-24] INFO  o.e.m.c.i.embedder.EclipseLogger - Using 'UTF-8' encoding to copy filtered resources.
2017-09-06 09:22:13,186 [Worker-24] INFO  o.e.m.c.i.embedder.EclipseLogger - skip non existing resourceDirectory /home/hltuser/BlessimoNew/BlessimoLindiwe/src/test/resources
2017-09-06 09:27:34,585 [Worker-30] INFO  o.e.m.c.i.embedder.EclipseLogger - Using 'UTF-8' encoding to copy filtered resources.
2017-09-06 09:27:34,585 [Worker-30] INFO  o.e.m.c.i.embedder.EclipseLogger - Copying 1 resource
2017-09-06 09:27:34,606 [Worker-30] INFO  o.e.m.c.i.embedder.EclipseLogger - Copying 0 resource
2017-09-06 09:27:34,608 [Worker-30] INFO  o.e.m.c.i.embedder.EclipseLogger - Using 'UTF-8' encoding to copy filtered resources.
2017-09-06 09:27:34,609 [Worker-30] INFO  o.e.m.c.i.embedder.EclipseLogger - skip non existing resourceDirectory /home/hltuser/BlessimoNew/BlessimoLindiwe/src/test/resources
2017-09-06 09:32:25,955 [Worker-26] INFO  o.e.m.c.i.embedder.EclipseLogger - Using 'UTF-8' encoding to copy filtered resources.
2017-09-06 09:32:25,957 [Worker-26] INFO  o.e.m.c.i.embedder.EclipseLogger - Copying 1 resource
2017-09-06 09:32:25,958 [Worker-26] INFO  o.e.m.c.i.embedder.EclipseLogger - Copying 0 resource
2017-09-06 09:32:25,960 [Worker-26] INFO  o.e.m.c.i.embedder.EclipseLogger - Using 'UTF-8' encoding to copy filtered resources.
2017-09-06 09:32:25,961 [Worker-26] INFO  o.e.m.c.i.embedder.EclipseLogger - skip non existing resourceDirectory /home/hltuser/BlessimoNew/BlessimoLindiwe/src/test/resources
2017-09-06 09:33:12,759 [Worker-30] INFO  o.e.m.c.i.embedder.EclipseLogger - Using 'UTF-8' encoding to copy filtered resources.
2017-09-06 09:33:12,759 [Worker-30] INFO  o.e.m.c.i.embedder.EclipseLogger - Copying 1 resource
2017-09-06 09:33:12,760 [Worker-30] INFO  o.e.m.c.i.embedder.EclipseLogger - Copying 0 resource
2017-09-06 09:33:12,763 [Worker-30] INFO  o.e.m.c.i.embedder.EclipseLogger - Using 'UTF-8' encoding to copy filtered resources.
2017-09-06 09:33:12,763 [Worker-30] INFO  o.e.m.c.i.embedder.EclipseLogger - skip non existing resourceDirectory /home/hltuser/BlessimoNew/BlessimoLindiwe/src/test/resources
2017-09-06 09:34:57,228 [Worker-7] INFO  o.e.m.c.i.embedder.EclipseLogger - Using 'UTF-8' encoding to copy filtered resources.
2017-09-06 09:34:57,228 [Worker-7] INFO  o.e.m.c.i.embedder.EclipseLogger - Copying 1 resource
2017-09-06 09:34:57,229 [Worker-7] INFO  o.e.m.c.i.embedder.EclipseLogger - Copying 0 resource
2017-09-06 09:34:57,234 [Worker-7] INFO  o.e.m.c.i.embedder.EclipseLogger - Using 'UTF-8' encoding to copy filtered resources.
2017-09-06 09:34:57,234 [Worker-7] INFO  o.e.m.c.i.embedder.EclipseLogger - skip non existing resourceDirectory /home/hltuser/BlessimoNew/BlessimoLindiwe/src/test/resources
2017-09-06 09:36:28,311 [Worker-30] INFO  o.e.m.c.i.embedder.EclipseLogger - Using 'UTF-8' encoding to copy filtered resources.
2017-09-06 09:36:28,312 [Worker-30] INFO  o.e.m.c.i.embedder.EclipseLogger - Copying 1 resource
2017-09-06 09:36:28,313 [Worker-30] INFO  o.e.m.c.i.embedder.EclipseLogger - Copying 0 resource
2017-09-06 09:36:28,315 [Worker-30] INFO  o.e.m.c.i.embedder.EclipseLogger - Using 'UTF-8' encoding to copy filtered resources.
2017-09-06 09:36:28,315 [Worker-30] INFO  o.e.m.c.i.embedder.EclipseLogger - skip non existing resourceDirectory /home/hltuser/BlessimoNew/BlessimoLindiwe/src/test/resources
2017-09-06 09:48:21,932 [Worker-36] INFO  o.e.m.c.i.embedder.EclipseLogger - Using 'UTF-8' encoding to copy filtered resources.
2017-09-06 09:48:21,943 [Worker-36] INFO  o.e.m.c.i.embedder.EclipseLogger - Copying 1 resource
2017-09-06 09:48:21,955 [Worker-36] INFO  o.e.m.c.i.embedder.EclipseLogger - Copying 0 resource
2017-09-06 09:48:21,960 [Worker-36] INFO  o.e.m.c.i.embedder.EclipseLogger - Using 'UTF-8' encoding to copy filtered resources.
2017-09-06 09:48:21,960 [Worker-36] INFO  o.e.m.c.i.embedder.EclipseLogger - skip non existing resourceDirectory /home/hltuser/BlessimoNew/BlessimoLindiwe/src/test/resources
2017-09-06 09:49:53,467 [Worker-43] INFO  o.e.m.c.i.embedder.EclipseLogger - Using 'UTF-8' encoding to copy filtered resources.
2017-09-06 09:49:53,468 [Worker-43] INFO  o.e.m.c.i.embedder.EclipseLogger - Copying 1 resource
2017-09-06 09:49:53,469 [Worker-43] INFO  o.e.m.c.i.embedder.EclipseLogger - Copying 0 resource
2017-09-06 09:49:53,471 [Worker-43] INFO  o.e.m.c.i.embedder.EclipseLogger - Using 'UTF-8' encoding to copy filtered resources.
2017-09-06 09:49:53,471 [Worker-43] INFO  o.e.m.c.i.embedder.EclipseLogger - skip non existing resourceDirectory /home/hltuser/BlessimoNew/BlessimoLindiwe/src/test/resources
2017-09-06 10:04:32,312 [Worker-44] INFO  o.e.m.c.i.embedder.EclipseLogger - Using 'UTF-8' encoding to copy filtered resources.
2017-09-06 10:04:32,312 [Worker-44] INFO  o.e.m.c.i.embedder.EclipseLogger - Copying 0 resource
2017-09-06 10:04:32,312 [Worker-44] INFO  o.e.m.c.i.embedder.EclipseLogger - Copying 0 resource
2017-09-06 10:04:32,317 [Worker-44] INFO  o.e.m.c.i.embedder.EclipseLogger - Using 'UTF-8' encoding to copy filtered resources.
2017-09-06 10:04:32,318 [Worker-44] INFO  o.e.m.c.i.embedder.EclipseLogger - skip non existing resourceDirectory /home/hltuser/BlessimoNew/BlessimoLindiwe/src/test/resources
2017-09-06 14:34:22,637 [Worker-122] INFO  o.e.m.c.i.embedder.EclipseLogger - Using 'UTF-8' encoding to copy filtered resources.
2017-09-06 14:34:22,711 [Worker-122] INFO  o.e.m.c.i.embedder.EclipseLogger - Copying 0 resource
2017-09-06 14:34:22,712 [Worker-122] INFO  o.e.m.c.i.embedder.EclipseLogger - Copying 0 resource
2017-09-06 14:34:22,715 [Worker-122] INFO  o.e.m.c.i.embedder.EclipseLogger - Using 'UTF-8' encoding to copy filtered resources.
2017-09-06 14:34:22,806 [Worker-122] INFO  o.e.m.c.i.embedder.EclipseLogger - skip non existing resourceDirectory /home/hltuser/BlessimoNew/BlessimoLindiwe/src/test/resources
2017-09-06 15:27:25,879 [Worker-140] INFO  o.e.m.c.i.embedder.EclipseLogger - Using 'UTF-8' encoding to copy filtered resources.
2017-09-06 15:27:26,246 [Worker-140] INFO  o.e.m.c.i.embedder.EclipseLogger - Copying 0 resource
2017-09-06 15:27:26,247 [Worker-140] INFO  o.e.m.c.i.embedder.EclipseLogger - Copying 1 resource
2017-09-06 15:27:26,592 [Worker-140] INFO  o.e.m.c.i.embedder.EclipseLogger - Using 'UTF-8' encoding to copy filtered resources.
2017-09-06 15:27:26,593 [Worker-140] INFO  o.e.m.c.i.embedder.EclipseLogger - skip non existing resourceDirectory /home/hltuser/BlessimoNew/BlessimoLindiwe/src/test/resources
2017-09-06 15:29:44,637 [Worker-147] INFO  o.e.m.c.i.embedder.EclipseLogger - Using 'UTF-8' encoding to copy filtered resources.
2017-09-06 15:29:44,638 [Worker-147] INFO  o.e.m.c.i.embedder.EclipseLogger - Copying 0 resource
2017-09-06 15:29:44,638 [Worker-147] INFO  o.e.m.c.i.embedder.EclipseLogger - Copying 1 resource
2017-09-06 15:29:44,714 [Worker-147] INFO  o.e.m.c.i.embedder.EclipseLogger - Using 'UTF-8' encoding to copy filtered resources.
2017-09-06 15:29:44,714 [Worker-147] INFO  o.e.m.c.i.embedder.EclipseLogger - skip non existing resourceDirectory /home/hltuser/BlessimoNew/BlessimoLindiwe/src/test/resources
2017-09-06 15:46:18,408 [Worker-156] INFO  o.e.m.c.i.embedder.EclipseLogger - Using 'UTF-8' encoding to copy filtered resources.
2017-09-06 15:46:18,409 [Worker-156] INFO  o.e.m.c.i.embedder.EclipseLogger - Copying 0 resource
2017-09-06 15:46:18,410 [Worker-156] INFO  o.e.m.c.i.embedder.EclipseLogger - Copying 0 resource
2017-09-06 15:46:18,444 [Worker-156] INFO  o.e.m.c.i.embedder.EclipseLogger - Using 'UTF-8' encoding to copy filtered resources.
2017-09-06 15:46:18,444 [Worker-156] INFO  o.e.m.c.i.embedder.EclipseLogger - skip non existing resourceDirectory /home/hltuser/BlessimoNew/BlessimoLindiwe/src/test/resources
2017-09-06 15:50:51,101 [Worker-156] INFO  o.e.m.c.i.l.LifecycleMappingFactory - Using org.eclipse.m2e.jdt.JarLifecycleMapping lifecycle mapping for MavenProject: com.BlessimoLindiwe:BlessimoLindiwe:0.0.1-SNAPSHOT @ /home/hltuser/BlessimoNew/BlessimoLindiwe/pom.xml.
2017-09-06 15:50:53,650 [Worker-156] INFO  o.e.m.c.i.e.AbstractTransferListenerAdapter - Downloading https://repo.spring.io/libs-release/org/apache/tomcat/embed/tomcat-embed-jasper/8.5.16/tomcat-embed-jasper-8.5.16.pom
2017-09-06 15:50:53,953 [Worker-156] INFO  o.e.m.c.i.e.AbstractTransferListenerAdapter - Downloaded https://repo.spring.io/libs-release/org/apache/tomcat/embed/tomcat-embed-jasper/8.5.16/tomcat-embed-jasper-8.5.16.pom
2017-09-06 15:50:54,313 [Worker-156] INFO  o.e.m.c.i.e.AbstractTransferListenerAdapter - Downloading https://repo.spring.io/libs-release/org/eclipse/jdt/ecj/3.12.3/ecj-3.12.3.pom
2017-09-06 15:50:54,582 [Worker-156] INFO  o.e.m.c.i.e.AbstractTransferListenerAdapter - Downloaded https://repo.spring.io/libs-release/org/eclipse/jdt/ecj/3.12.3/ecj-3.12.3.pom
2017-09-06 15:50:56,082 [Worker-156] INFO  o.e.m.c.i.e.AbstractTransferListenerAdapter - Downloading https://repo.spring.io/libs-release/org/apache/tomcat/embed/tomcat-embed-jasper/8.5.16/tomcat-embed-jasper-8.5.16.jar
2017-09-06 15:50:56,913 [Worker-156] INFO  o.e.m.c.i.e.AbstractTransferListenerAdapter - Downloaded https://repo.spring.io/libs-release/org/apache/tomcat/embed/tomcat-embed-jasper/8.5.16/tomcat-embed-jasper-8.5.16.jar
2017-09-06 15:50:57,181 [Worker-156] INFO  o.e.m.c.i.e.AbstractTransferListenerAdapter - Downloading https://repo.spring.io/libs-release/org/eclipse/jdt/ecj/3.12.3/ecj-3.12.3.jar
2017-09-06 15:50:58,739 [Worker-156] INFO  o.e.m.c.i.e.AbstractTransferListenerAdapter - Downloaded https://repo.spring.io/libs-release/org/eclipse/jdt/ecj/3.12.3/ecj-3.12.3.jar
2017-09-06 15:51:00,996 [Worker-156] INFO  o.e.m.c.i.embedder.EclipseLogger - Using 'UTF-8' encoding to copy filtered resources.
2017-09-06 15:51:00,999 [Worker-156] INFO  o.e.m.c.i.embedder.EclipseLogger - Copying 0 resource
2017-09-06 15:51:00,999 [Worker-156] INFO  o.e.m.c.i.embedder.EclipseLogger - Copying 0 resource
2017-09-06 15:51:01,003 [Worker-156] INFO  o.e.m.c.i.embedder.EclipseLogger - Using 'UTF-8' encoding to copy filtered resources.
2017-09-06 15:51:01,003 [Worker-156] INFO  o.e.m.c.i.embedder.EclipseLogger - skip non existing resourceDirectory /home/hltuser/BlessimoNew/BlessimoLindiwe/src/test/resources
2017-09-06 15:51:15,079 [Worker-164] INFO  o.e.m.c.i.embedder.EclipseLogger - Using 'UTF-8' encoding to copy filtered resources.
2017-09-06 15:51:15,079 [Worker-164] INFO  o.e.m.c.i.embedder.EclipseLogger - Copying 1 resource
2017-09-06 15:51:15,120 [Worker-164] INFO  o.e.m.c.i.embedder.EclipseLogger - Copying 0 resource
2017-09-06 15:51:15,123 [Worker-164] INFO  o.e.m.c.i.embedder.EclipseLogger - Using 'UTF-8' encoding to copy filtered resources.
2017-09-06 15:51:15,123 [Worker-164] INFO  o.e.m.c.i.embedder.EclipseLogger - skip non existing resourceDirectory /home/hltuser/BlessimoNew/BlessimoLindiwe/src/test/resources
2017-09-06 15:51:16,205 [Worker-164] INFO  o.e.m.c.i.embedder.EclipseLogger - Using 'UTF-8' encoding to copy filtered resources.
2017-09-06 15:51:16,206 [Worker-164] INFO  o.e.m.c.i.embedder.EclipseLogger - Copying 0 resource
2017-09-06 15:51:16,206 [Worker-164] INFO  o.e.m.c.i.embedder.EclipseLogger - Copying 0 resource
2017-09-06 15:51:16,210 [Worker-164] INFO  o.e.m.c.i.embedder.EclipseLogger - Using 'UTF-8' encoding to copy filtered resources.
2017-09-06 15:51:16,210 [Worker-164] INFO  o.e.m.c.i.embedder.EclipseLogger - skip non existing resourceDirectory /home/hltuser/BlessimoNew/BlessimoLindiwe/src/test/resources
2017-09-06 17:21:11,762 [Worker-188] INFO  o.e.m.c.i.embedder.EclipseLogger - Using 'UTF-8' encoding to copy filtered resources.
2017-09-06 17:21:11,848 [Worker-188] INFO  o.e.m.c.i.embedder.EclipseLogger - Copying 1 resource
2017-09-06 17:21:12,003 [Worker-188] INFO  o.e.m.c.i.embedder.EclipseLogger - Copying 0 resource
2017-09-06 17:21:12,008 [Worker-188] INFO  o.e.m.c.i.embedder.EclipseLogger - Using 'UTF-8' encoding to copy filtered resources.
2017-09-06 17:21:12,009 [Worker-188] INFO  o.e.m.c.i.embedder.EclipseLogger - skip non existing resourceDirectory /home/hltuser/BlessimoNew/BlessimoLindiwe/src/test/resources
2017-09-06 17:46:02,982 [Worker-203] INFO  o.e.m.c.i.embedder.EclipseLogger - Using 'UTF-8' encoding to copy filtered resources.
2017-09-06 17:46:03,094 [Worker-203] INFO  o.e.m.c.i.embedder.EclipseLogger - Copying 1 resource
2017-09-06 17:46:03,098 [Worker-203] INFO  o.e.m.c.i.embedder.EclipseLogger - Copying 0 resource
2017-09-06 17:46:03,101 [Worker-203] INFO  o.e.m.c.i.embedder.EclipseLogger - Using 'UTF-8' encoding to copy filtered resources.
2017-09-06 17:46:03,101 [Worker-203] INFO  o.e.m.c.i.embedder.EclipseLogger - skip non existing resourceDirectory /home/hltuser/BlessimoNew/BlessimoLindiwe/src/test/resources
2017-09-06 17:46:07,894 [Worker-206] INFO  o.e.m.c.i.embedder.EclipseLogger - Using 'UTF-8' encoding to copy filtered resources.
2017-09-06 17:46:07,895 [Worker-206] INFO  o.e.m.c.i.embedder.EclipseLogger - Copying 1 resource
2017-09-06 17:46:07,899 [Worker-206] INFO  o.e.m.c.i.embedder.EclipseLogger - Copying 0 resource
2017-09-06 17:46:07,977 [Worker-206] INFO  o.e.m.c.i.embedder.EclipseLogger - Using 'UTF-8' encoding to copy filtered resources.
2017-09-06 17:46:07,977 [Worker-206] INFO  o.e.m.c.i.embedder.EclipseLogger - skip non existing resourceDirectory /home/hltuser/BlessimoNew/BlessimoLindiwe/src/test/resources
2017-09-06 17:57:51,440 [Worker-214] INFO  o.e.m.c.i.embedder.EclipseLogger - Using 'UTF-8' encoding to copy filtered resources.
2017-09-06 17:57:51,680 [Worker-214] INFO  o.e.m.c.i.embedder.EclipseLogger - Copying 1 resource
2017-09-06 17:57:51,682 [Worker-214] INFO  o.e.m.c.i.embedder.EclipseLogger - Copying 0 resource
2017-09-06 17:57:51,687 [Worker-214] INFO  o.e.m.c.i.embedder.EclipseLogger - Using 'UTF-8' encoding to copy filtered resources.
2017-09-06 17:57:51,688 [Worker-214] INFO  o.e.m.c.i.embedder.EclipseLogger - skip non existing resourceDirectory /home/hltuser/BlessimoNew/BlessimoLindiwe/src/test/resources
2017-09-06 18:07:30,923 [Worker-211] INFO  o.e.m.c.i.embedder.EclipseLogger - Using 'UTF-8' encoding to copy filtered resources.
2017-09-06 18:07:30,958 [Worker-211] INFO  o.e.m.c.i.embedder.EclipseLogger - Copying 1 resource
2017-09-06 18:07:30,971 [Worker-211] INFO  o.e.m.c.i.embedder.EclipseLogger - Copying 0 resource
2017-09-06 18:07:30,973 [Worker-211] INFO  o.e.m.c.i.embedder.EclipseLogger - Using 'UTF-8' encoding to copy filtered resources.
2017-09-06 18:07:30,973 [Worker-211] INFO  o.e.m.c.i.embedder.EclipseLogger - skip non existing resourceDirectory /home/hltuser/BlessimoNew/BlessimoLindiwe/src/test/resources
